<?xml version="1.0" encoding="UTF-8"?>
<!-- Generated by org.testng.reporters.JUnitReportReporter -->
<testsuite hostname="LAPTOP-QIATRTB7" failures="0" tests="1" name="com.crm.tests.CreateAccountTestScript" time="23.381" errors="0" timestamp="2021-08-26T13:38:55 IST" skipped="0">
  <testcase classname="com.crm.tests.CreateAccountTestScript" name="createAccountWithBillingAddress" time="23.381"/>
  <system-out/>
</testsuite> <!-- com.crm.tests.CreateAccountTestScript -->
