<?xml version="1.0" encoding="UTF-8"?>
<!-- Generated by org.testng.reporters.JUnitReportReporter -->
<testsuite hostname="LAPTOP-QIATRTB7" failures="0" tests="3" name="com.crm.tests.CreateAccountTestScript" time="30.623" errors="0" timestamp="2021-08-17T12:10:24 IST" skipped="0">
  <testcase classname="com.crm.tests.CreateAccountTestScript" name="createAccountWithBillingAddress" time="15.670"/>
  <system-out/>
  <testcase classname="com.crm.tests.CreateAccountTestScript" name="editAccount" time="14.273"/>
  <system-out/>
  <testcase classname="com.crm.tests.CreateAccountTestScript" name="txtDeleteTheDetails" time="0.680"/>
  <system-out/>
</testsuite> <!-- com.crm.tests.CreateAccountTestScript -->
