<?xml version="1.0" encoding="UTF-8"?>
<!-- Generated by org.testng.reporters.JUnitReportReporter -->
<testsuite hostname="LAPTOP-QIATRTB7" failures="0" tests="2" name="com.crm.tests.TestScript10" time="14.757" errors="0" timestamp="2021-08-16T12:04:50 IST" skipped="0">
  <testcase classname="com.crm.tests.TestScript10" name="createAccountWithBillingAddress" time="13.609"/>
  <system-out/>
  <testcase classname="com.crm.tests.TestScript10" name="txtDeleteTheDetails" time="1.148"/>
  <system-out/>
</testsuite> <!-- com.crm.tests.TestScript10 -->
