<?xml version="1.0" encoding="UTF-8"?>
<!-- Generated by org.testng.reporters.JUnitReportReporter -->
<testsuite hostname="LAPTOP-QIATRTB7" failures="0" tests="1" name="com.crm.tests.CreateAccountTestScript" time="20.017" errors="0" timestamp="2021-08-25T16:44:07 IST" skipped="0">
  <testcase classname="com.crm.tests.CreateAccountTestScript" name="createAccountWithBillingAddress" time="20.017"/>
  <system-out/>
</testsuite> <!-- com.crm.tests.CreateAccountTestScript -->
