<?xml version="1.0" encoding="UTF-8"?>
<!-- Generated by org.testng.reporters.JUnitReportReporter -->
<testsuite hostname="LAPTOP-QIATRTB7" failures="0" tests="2" name="com.crm.tests.TestScript9" time="30.846" errors="0" timestamp="2021-08-16T11:36:31 IST" skipped="0">
  <testcase classname="com.crm.tests.TestScript9" name="createAccountWithBillingAddress" time="16.604"/>
  <system-out/>
  <testcase classname="com.crm.tests.TestScript9" name="editAccount" time="14.242"/>
  <system-out/>
</testsuite> <!-- com.crm.tests.TestScript9 -->
