<?xml version="1.0" encoding="UTF-8"?>
<!-- Generated by org.testng.reporters.JUnitReportReporter -->
<testsuite hostname="LAPTOP-QIATRTB7" failures="0" tests="1" name="com.crm.tests.TestScript5" time="13.175" errors="0" timestamp="2021-08-15T18:09:04 IST" skipped="0">
  <testcase classname="com.crm.tests.TestScript5" name="createAccountWithBillingAddress" time="13.175"/>
  <system-out/>
</testsuite> <!-- com.crm.tests.TestScript5 -->
